TN:
SF:src/mm-calendar/constants.ts
FNF:0
FNH:0
BRDA:10,0,0,1
BRF:1
BRH:1
DA:1,0
DA:2,0
DA:3,0
DA:4,0
DA:5,1
DA:6,0
DA:7,0
DA:8,0
DA:9,0
DA:10,1
DA:11,1
DA:12,1
DA:13,1
DA:14,1
DA:15,1
DA:16,1
DA:17,1
DA:18,1
DA:19,1
DA:20,1
DA:21,1
DA:22,1
DA:23,1
DA:24,1
DA:25,1
DA:26,1
DA:27,1
DA:28,1
DA:29,1
DA:30,1
DA:31,1
DA:32,1
DA:33,1
DA:34,1
DA:35,1
DA:36,1
DA:37,1
DA:38,1
DA:39,1
DA:40,1
DA:41,1
DA:42,1
DA:43,1
DA:44,1
DA:45,1
DA:46,1
DA:47,1
DA:48,1
DA:49,1
DA:50,1
DA:51,1
DA:52,1
DA:53,1
DA:54,1
DA:55,1
DA:56,1
DA:57,1
DA:58,1
DA:59,1
DA:60,1
DA:61,1
DA:62,1
DA:63,1
DA:64,1
DA:65,1
DA:66,1
DA:67,1
DA:68,1
DA:69,1
DA:70,1
DA:71,1
DA:72,1
DA:73,1
DA:74,1
DA:75,1
DA:76,1
DA:77,1
DA:78,1
DA:79,1
DA:80,1
DA:81,1
DA:82,1
DA:83,1
DA:84,1
DA:85,1
DA:86,1
DA:87,1
DA:88,1
DA:89,1
DA:90,1
DA:91,1
DA:92,1
DA:93,1
DA:94,1
DA:95,1
DA:96,1
DA:97,1
DA:98,1
DA:99,1
DA:100,1
DA:101,1
DA:102,1
DA:103,1
DA:104,1
DA:105,1
DA:106,1
DA:107,1
DA:108,1
DA:109,1
DA:110,1
DA:111,1
DA:112,1
DA:113,1
DA:114,1
DA:115,1
DA:116,1
DA:117,1
DA:118,1
DA:119,1
DA:120,1
DA:121,1
DA:122,1
DA:123,1
DA:124,1
DA:125,1
DA:126,1
DA:127,1
DA:128,1
DA:129,1
DA:130,1
DA:131,1
DA:132,1
DA:133,1
DA:134,1
DA:135,1
DA:136,1
LH:128
LF:136
end_of_record
SF:src/mm-calendar/holidays.ts
FN:77,holidays.secularDiff
FN:79,holidays.secularDiff
FN:80,holidays.secularDiff
FN:81,holidays.secularDiff
FN:82,holidays.secularDiff
FN:83,holidays.secularDiff
FN:84,holidays.secularDiff
FN:85,holidays.secularDiff
FN:86,anonymous_8
FN:89,anonymous_9
FN:110,holidays.secularDiff
FN:112,holidays.secularDiff
FN:113,holidays.secularDiff
FN:114,holidays.secularDiff
FN:115,anonymous_14
FN:124,secularDiff
FN:137,w2jdn
FN:183,mpmt
FN:205,myanmarToJdn
FN:236,thingyanHolidays
FN:290,mmHolidays
FN:311,gregorianHolidays
FN:322,substituteHoliday
FN:333,eid_day
FN:353,publicHolidays
FNDA:4,holidays.secularDiff
FNDA:3,holidays.secularDiff
FNDA:3,holidays.secularDiff
FNDA:3,holidays.secularDiff
FNDA:4,holidays.secularDiff
FNDA:3,holidays.secularDiff
FNDA:3,holidays.secularDiff
FNDA:3,holidays.secularDiff
FNDA:1,anonymous_8
FNDA:5,anonymous_9
FNDA:3,holidays.secularDiff
FNDA:3,holidays.secularDiff
FNDA:2,holidays.secularDiff
FNDA:3,holidays.secularDiff
FNDA:3,anonymous_14
FNDA:383,secularDiff
FNDA:383,w2jdn
FNDA:123,mpmt
FNDA:11,myanmarToJdn
FNDA:123,thingyanHolidays
FNDA:123,mmHolidays
FNDA:123,gregorianHolidays
FNDA:123,substituteHoliday
FNDA:123,eid_day
FNDA:123,publicHolidays
FNF:25
FNH:25
BRDA:23,0,0,1
BRDA:77,1,0,4
BRDA:77,2,0,0
BRDA:79,3,0,3
BRDA:79,4,0,2
BRDA:79,5,0,1
BRDA:80,6,0,3
BRDA:80,7,0,2
BRDA:80,8,0,1
BRDA:81,9,0,3
BRDA:81,10,0,2
BRDA:81,11,0,1
BRDA:82,12,0,4
BRDA:82,13,0,3
BRDA:82,14,0,1
BRDA:83,15,0,3
BRDA:83,16,0,2
BRDA:83,17,0,1
BRDA:84,18,0,3
BRDA:84,19,0,2
BRDA:84,20,0,1
BRDA:85,21,0,3
BRDA:85,22,0,2
BRDA:85,23,0,1
BRDA:86,24,0,1
BRDA:86,25,0,0
BRDA:89,26,0,5
BRDA:89,27,0,0
BRDA:110,28,0,3
BRDA:110,29,0,0
BRDA:112,30,0,3
BRDA:112,31,0,0
BRDA:113,32,0,2
BRDA:113,33,0,0
BRDA:114,34,0,3
BRDA:114,35,0,0
BRDA:115,36,0,3
BRDA:124,37,0,383
BRDA:137,38,0,383
BRDA:170,39,0,378
BRDA:171,40,0,374
BRDA:171,41,0,11
BRDA:172,42,0,372
BRDA:183,43,0,123
BRDA:205,44,0,11
BRDA:216,45,0,8
BRDA:216,46,0,10
BRDA:216,47,0,1
BRDA:236,48,0,123
BRDA:240,49,0,111
BRDA:240,50,0,12
BRDA:244,51,0,8
BRDA:248,52,0,8
BRDA:250,53,0,115
BRDA:250,54,0,86
BRDA:250,55,0,9
BRDA:252,56,0,106
BRDA:252,57,0,8
BRDA:254,58,0,98
BRDA:254,59,0,8
BRDA:261,60,0,102
BRDA:262,61,0,23
BRDA:263,62,0,21
BRDA:263,63,0,10
BRDA:265,64,0,9
BRDA:268,65,0,47
BRDA:269,66,0,30
BRDA:270,67,0,28
BRDA:271,68,0,26
BRDA:272,69,0,24
BRDA:275,70,0,8
BRDA:277,71,0,17
BRDA:277,72,0,7
BRDA:278,73,0,4
BRDA:290,74,0,123
BRDA:299,75,0,108
BRDA:300,76,0,14
BRDA:300,77,0,109
BRDA:311,78,0,123
BRDA:313,79,0,32
BRDA:313,80,0,91
BRDA:322,81,0,123
BRDA:324,82,0,1
BRDA:324,83,0,122
BRDA:333,84,0,123
BRDA:335,85,0,0
BRDA:353,86,0,123
BRF:87
BRH:79
DA:1,0
DA:2,0
DA:3,0
DA:4,0
DA:5,0
DA:6,1
DA:7,0
DA:8,0
DA:9,1
DA:10,0
DA:11,0
DA:12,1
DA:13,0
DA:14,0
DA:15,1
DA:16,0
DA:17,1
DA:18,0
DA:19,0
DA:20,1
DA:21,0
DA:22,1
DA:23,1
DA:24,1
DA:25,1
DA:26,1
DA:27,1
DA:28,1
DA:29,1
DA:30,1
DA:31,1
DA:32,1
DA:33,1
DA:34,1
DA:35,1
DA:36,1
DA:37,1
DA:38,1
DA:39,1
DA:40,1
DA:41,1
DA:42,1
DA:43,1
DA:44,1
DA:45,1
DA:46,1
DA:47,1
DA:48,1
DA:49,1
DA:50,1
DA:51,1
DA:52,1
DA:53,1
DA:54,1
DA:55,1
DA:56,1
DA:57,1
DA:58,1
DA:59,1
DA:60,1
DA:61,1
DA:62,1
DA:63,1
DA:64,1
DA:65,1
DA:66,1
DA:67,1
DA:68,1
DA:69,1
DA:70,1
DA:71,1
DA:72,1
DA:73,1
DA:74,1
DA:75,1
DA:76,1
DA:77,1
DA:78,1
DA:79,1
DA:80,1
DA:81,1
DA:82,1
DA:83,1
DA:84,1
DA:85,1
DA:86,1
DA:87,1
DA:88,1
DA:89,1
DA:90,1
DA:91,1
DA:92,1
DA:93,1
DA:94,1
DA:95,1
DA:96,1
DA:97,1
DA:98,1
DA:99,1
DA:100,1
DA:101,1
DA:102,1
DA:103,1
DA:104,1
DA:105,1
DA:106,1
DA:107,1
DA:108,1
DA:109,1
DA:110,1
DA:111,1
DA:112,1
DA:113,1
DA:114,1
DA:115,1
DA:116,1
DA:117,1
DA:118,1
DA:119,1
DA:120,1
DA:121,1
DA:122,1
DA:123,1
DA:124,1
DA:125,383
DA:126,1
DA:127,1
DA:128,1
DA:129,1
DA:130,1
DA:131,1
DA:132,1
DA:133,1
DA:134,1
DA:135,1
DA:136,1
DA:137,1
DA:138,383
DA:139,383
DA:140,383
DA:141,383
DA:142,383
DA:143,383
DA:144,383
DA:145,383
DA:146,383
DA:147,383
DA:148,383
DA:149,383
DA:150,383
DA:151,383
DA:152,383
DA:153,383
DA:154,383
DA:155,383
DA:156,383
DA:157,383
DA:158,383
DA:159,383
DA:160,383
DA:161,383
DA:162,383
DA:163,383
DA:164,383
DA:165,383
DA:166,383
DA:167,383
DA:168,383
DA:169,383
DA:170,383
DA:171,383
DA:172,11
DA:173,383
DA:174,383
DA:175,383
DA:176,1
DA:177,1
DA:178,1
DA:179,1
DA:180,1
DA:181,1
DA:182,1
DA:183,1
DA:184,123
DA:185,123
DA:186,123
DA:187,123
DA:188,123
DA:189,123
DA:190,123
DA:191,123
DA:192,123
DA:193,123
DA:194,123
DA:195,1
DA:196,1
DA:197,1
DA:198,1
DA:199,1
DA:200,1
DA:201,1
DA:202,1
DA:203,1
DA:204,1
DA:205,1
DA:206,11
DA:207,11
DA:208,11
DA:209,11
DA:210,11
DA:211,11
DA:212,11
DA:213,11
DA:214,11
DA:215,11
DA:216,11
DA:217,11
DA:218,11
DA:219,11
DA:220,11
DA:221,11
DA:222,11
DA:223,11
DA:224,11
DA:225,11
DA:226,11
DA:227,1
DA:228,1
DA:229,1
DA:230,1
DA:231,1
DA:232,1
DA:233,1
DA:234,1
DA:235,1
DA:236,1
DA:237,123
DA:238,123
DA:239,123
DA:240,123
DA:241,123
DA:242,123
DA:243,123
DA:244,123
DA:245,8
DA:246,8
DA:247,123
DA:248,123
DA:249,8
DA:250,123
DA:251,9
DA:252,115
DA:253,8
DA:254,106
DA:255,8
DA:256,8
DA:257,123
DA:258,123
DA:259,123
DA:260,123
DA:261,123
DA:262,123
DA:263,123
DA:264,123
DA:265,123
DA:266,123
DA:267,123
DA:268,123
DA:269,123
DA:270,30
DA:271,30
DA:272,30
DA:273,123
DA:274,123
DA:275,123
DA:276,123
DA:277,123
DA:278,123
DA:279,123
DA:280,123
DA:281,123
DA:282,1
DA:283,1
DA:284,1
DA:285,1
DA:286,1
DA:287,1
DA:288,1
DA:289,1
DA:290,1
DA:291,123
DA:292,123
DA:293,123
DA:294,123
DA:295,123
DA:296,123
DA:297,123
DA:298,123
DA:299,123
DA:300,123
DA:301,123
DA:302,123
DA:303,1
DA:304,1
DA:305,1
DA:306,1
DA:307,1
DA:308,1
DA:309,1
DA:310,1
DA:311,1
DA:312,123
DA:313,123
DA:314,1
DA:315,1
DA:316,1
DA:317,1
DA:318,1
DA:319,1
DA:320,1
DA:321,1
DA:322,1
DA:323,123
DA:324,123
DA:325,1
DA:326,1
DA:327,1
DA:328,1
DA:329,1
DA:330,1
DA:331,1
DA:332,1
DA:333,1
DA:334,123
DA:335,123
DA:336,1
DA:337,1
DA:338,1
DA:339,1
DA:340,1
DA:341,1
DA:342,1
DA:343,1
DA:344,1
DA:345,1
DA:346,1
DA:347,1
DA:348,1
DA:349,1
DA:350,1
DA:351,1
DA:352,1
DA:353,123
DA:354,123
DA:355,123
DA:356,123
DA:357,123
DA:358,123
DA:359,123
DA:360,123
DA:361,123
DA:362,123
DA:363,123
LH:348
LF:363
end_of_record
SF:src/mm-calendar/julian-to-myanmar.ts
FN:20,anonymous_0
FN:88,anonymous_1
FN:148,anonymous_2
FNDA:369,anonymous_0
FNDA:1102,anonymous_1
FNDA:722,anonymous_2
FNF:3
FNH:3
BRDA:1,0,0,1
BRDA:20,1,0,369
BRDA:54,2,0,0
BRDA:88,3,0,1102
BRDA:97,4,0,114
BRDA:111,5,0,1081
BRDA:116,6,0,534
BRDA:119,7,0,21
BRDA:125,8,0,0
BRDA:148,9,0,380
BRDA:160,10,0,722
BRDA:163,11,0,342
BRDA:168,12,0,163
BRDA:172,13,0,103
BRDA:172,14,0,0
BRDA:175,15,0,217
BRF:16
BRH:13
DA:1,1
DA:2,1
DA:3,1
DA:4,1
DA:5,1
DA:6,1
DA:7,1
DA:8,1
DA:9,1
DA:10,1
DA:11,1
DA:12,1
DA:13,1
DA:14,1
DA:15,1
DA:16,1
DA:17,1
DA:18,1
DA:19,1
DA:20,1
DA:21,369
DA:22,369
DA:23,369
DA:24,369
DA:25,369
DA:26,369
DA:27,369
DA:28,369
DA:29,369
DA:30,369
DA:31,369
DA:32,369
DA:33,369
DA:34,369
DA:35,369
DA:36,369
DA:37,369
DA:38,369
DA:39,369
DA:40,369
DA:41,369
DA:42,369
DA:43,369
DA:44,369
DA:45,369
DA:46,369
DA:47,369
DA:48,369
DA:49,369
DA:50,369
DA:51,369
DA:52,369
DA:53,369
DA:54,369
DA:55,0
DA:56,0
DA:57,0
DA:58,369
DA:59,369
DA:60,369
DA:61,369
DA:62,369
DA:63,369
DA:64,369
DA:65,369
DA:66,369
DA:67,369
DA:68,369
DA:69,369
DA:70,369
DA:71,369
DA:72,369
DA:73,369
DA:74,369
DA:75,369
DA:76,369
DA:77,369
DA:78,369
DA:79,369
DA:80,1
DA:81,1
DA:82,1
DA:83,1
DA:84,1
DA:85,1
DA:86,1
DA:87,1
DA:88,1
DA:89,1102
DA:90,1102
DA:91,1102
DA:92,1102
DA:93,1102
DA:94,1102
DA:95,1102
DA:96,1102
DA:97,1102
DA:98,114
DA:99,114
DA:100,114
DA:101,1102
DA:102,1102
DA:103,1102
DA:104,1102
DA:105,1102
DA:106,1102
DA:107,1102
DA:108,1102
DA:109,1102
DA:110,1102
DA:111,1102
DA:112,1081
DA:113,1081
DA:114,1081
DA:115,1081
DA:116,1081
DA:117,534
DA:118,534
DA:119,1102
DA:120,21
DA:121,21
DA:122,21
DA:123,21
DA:124,21
DA:125,21
DA:126,0
DA:127,0
DA:128,21
DA:129,21
DA:130,1102
DA:131,1102
DA:132,1102
DA:133,1102
DA:134,1102
DA:135,1102
DA:136,1
DA:137,1
DA:138,1
DA:139,1
DA:140,1
DA:141,1
DA:142,1
DA:143,1
DA:144,1
DA:145,1
DA:146,1
DA:147,1
DA:148,380
DA:149,380
DA:150,380
DA:151,380
DA:152,380
DA:153,380
DA:154,380
DA:155,380
DA:156,380
DA:157,380
DA:158,380
DA:159,380
DA:160,380
DA:161,722
DA:162,722
DA:163,380
DA:164,380
DA:165,380
DA:166,380
DA:167,380
DA:168,380
DA:169,163
DA:170,163
DA:171,163
DA:172,163
DA:173,0
DA:174,0
DA:175,380
DA:176,217
DA:177,217
DA:178,217
DA:179,380
DA:180,380
DA:181,380
DA:182,380
DA:183,380
DA:184,380
DA:185,380
DA:186,380
DA:187,380
LH:180
LF:187
end_of_record
SF:src/mm-calendar/myanmar-year-constants.ts
FN:10,anonymous_0
FN:113,anonymous_1
FN:126,anonymous_2
FNDA:1102,anonymous_0
FNDA:1213,anonymous_1
FNDA:2168,anonymous_2
FNF:3
FNH:3
BRDA:10,0,0,1
BRDA:10,1,0,1102
BRDA:20,2,0,991
BRDA:26,3,0,111
BRDA:28,4,0,90
BRDA:37,5,0,21
BRDA:52,6,0,0
BRDA:95,7,0,45
BRDA:100,8,0,0
BRDA:113,9,0,1102
BRDA:117,10,0,1213
BRDA:119,11,0,267
BRDA:119,12,0,946
BRDA:120,13,0,901
BRDA:120,14,0,45
BRDA:123,15,0,1057
BRDA:126,16,0,1102
BRDA:130,17,0,2168
BRDA:132,18,0,36
BRDA:132,19,0,2132
BRDA:133,20,0,0
BRF:21
BRH:18
DA:1,0
DA:2,0
DA:3,0
DA:4,0
DA:5,0
DA:6,0
DA:7,0
DA:8,0
DA:9,0
DA:10,1102
DA:11,1102
DA:12,1102
DA:13,1102
DA:14,1102
DA:15,1102
DA:16,1102
DA:17,1102
DA:18,1102
DA:19,1102
DA:20,1102
DA:21,991
DA:22,991
DA:23,991
DA:24,991
DA:25,991
DA:26,991
DA:27,111
DA:28,111
DA:29,90
DA:30,90
DA:31,90
DA:32,90
DA:33,90
DA:34,90
DA:35,90
DA:36,90
DA:37,90
DA:38,21
DA:39,21
DA:40,21
DA:41,21
DA:42,21
DA:43,21
DA:44,21
DA:45,21
DA:46,21
DA:47,21
DA:48,21
DA:49,21
DA:50,21
DA:51,21
DA:52,21
DA:53,0
DA:54,0
DA:55,0
DA:56,0
DA:57,0
DA:58,0
DA:59,0
DA:60,0
DA:61,0
DA:62,0
DA:63,0
DA:64,0
DA:65,0
DA:66,0
DA:67,0
DA:68,0
DA:69,0
DA:70,0
DA:71,0
DA:72,0
DA:73,0
DA:74,0
DA:75,0
DA:76,0
DA:77,0
DA:78,0
DA:79,0
DA:80,0
DA:81,0
DA:82,0
DA:83,0
DA:84,0
DA:85,0
DA:86,0
DA:87,0
DA:88,0
DA:89,0
DA:90,0
DA:91,0
DA:92,0
DA:93,0
DA:94,1102
DA:95,1102
DA:96,45
DA:97,45
DA:98,45
DA:99,1102
DA:100,1102
DA:101,0
DA:102,0
DA:103,0
DA:104,1102
DA:105,1102
DA:106,1102
DA:107,1102
DA:108,1102
DA:109,1102
DA:110,1
DA:111,1
DA:112,1
DA:113,1
DA:114,1102
DA:115,1102
DA:116,1102
DA:117,1102
DA:118,1213
DA:119,1213
DA:120,946
DA:121,1213
DA:122,1213
DA:123,1102
DA:124,1
DA:125,1
DA:126,1102
DA:127,1102
DA:128,1102
DA:129,1102
DA:130,1102
DA:131,2168
DA:132,2168
DA:133,2132
DA:134,2168
DA:135,2168
DA:136,1102
DA:137,1102
LH:84
LF:137
end_of_record
SF:src/mm-calendar/western-to-julian.ts
FN:3,anonymous_0
FN:18,anonymous_1
FN:61,anonymous_2
FNDA:1,anonymous_0
FNDA:0,anonymous_1
FNDA:0,anonymous_2
FNF:3
FNH:1
BRDA:1,0,0,1
BRDA:3,1,0,1
BRF:2
BRH:2
DA:1,1
DA:2,1
DA:3,1
DA:4,1
DA:5,1
DA:6,1
DA:7,1
DA:8,1
DA:9,1
DA:10,1
DA:11,1
DA:12,1
DA:13,1
DA:14,1
DA:15,1
DA:16,1
DA:17,1
DA:18,1
DA:19,0
DA:20,0
DA:21,0
DA:22,0
DA:23,0
DA:24,0
DA:25,0
DA:26,0
DA:27,0
DA:28,0
DA:29,0
DA:30,0
DA:31,0
DA:32,0
DA:33,0
DA:34,0
DA:35,0
DA:36,0
DA:37,0
DA:38,0
DA:39,0
DA:40,0
DA:41,0
DA:42,0
DA:43,0
DA:44,0
DA:45,0
DA:46,0
DA:47,0
DA:48,0
DA:49,0
DA:50,0
DA:51,0
DA:52,0
DA:53,0
DA:54,0
DA:55,0
DA:56,0
DA:57,0
DA:58,0
DA:59,1
DA:60,1
DA:61,0
DA:62,0
DA:63,0
DA:64,0
DA:65,0
DA:66,0
DA:67,0
LH:20
LF:67
end_of_record
SF:test/holidays.test.ts
FN:8,anonymous_0
FN:9,anonymous_1
FN:10,anonymous_2
FN:14,anonymous_3
FN:19,anonymous_4
FN:23,anonymous_5
FN:27,anonymous_6
FN:32,anonymous_7
FN:36,anonymous_8
FN:40,anonymous_9
FN:45,anonymous_10
FN:49,anonymous_11
FN:53,anonymous_12
FN:58,anonymous_13
FN:62,anonymous_14
FN:66,anonymous_15
FN:72,anonymous_16
FN:73,anonymous_17
FN:77,anonymous_18
FN:81,anonymous_19
FN:87,anonymous_20
FN:88,anonymous_21
FN:92,anonymous_22
FN:96,anonymous_23
FN:102,anonymous_24
FN:103,anonymous_25
FN:107,anonymous_26
FN:111,anonymous_27
FN:117,anonymous_28
FN:118,anonymous_29
FN:122,anonymous_30
FN:126,anonymous_31
FN:132,anonymous_32
FN:133,anonymous_33
FN:137,anonymous_34
FN:141,anonymous_35
FN:147,anonymous_36
FN:148,anonymous_37
FN:152,anonymous_38
FN:156,anonymous_39
FN:162,anonymous_40
FN:163,anonymous_41
FN:167,anonymous_42
FN:171,anonymous_43
FN:177,anonymous_44
FN:178,anonymous_45
FN:182,anonymous_46
FN:186,anonymous_47
FN:190,anonymous_48
FN:194,anonymous_49
FN:198,anonymous_50
FN:203,anonymous_51
FN:204,anonymous_52
FN:208,anonymous_53
FN:212,anonymous_54
FN:216,anonymous_55
FN:223,anonymous_56
FN:224,anonymous_57
FN:225,anonymous_58
FN:229,anonymous_59
FN:238,anonymous_60
FN:242,anonymous_61
FN:246,anonymous_62
FN:251,anonymous_63
FN:255,anonymous_64
FN:260,anonymous_65
FN:265,anonymous_66
FN:269,anonymous_67
FN:274,anonymous_68
FN:275,anonymous_69
FN:279,anonymous_70
FN:283,anonymous_71
FN:288,anonymous_72
FN:289,anonymous_73
FN:293,anonymous_74
FN:297,anonymous_75
FN:302,anonymous_76
FN:303,anonymous_77
FN:307,anonymous_78
FN:311,anonymous_79
FN:316,anonymous_80
FN:317,anonymous_81
FN:321,anonymous_82
FN:325,anonymous_83
FN:330,anonymous_84
FN:331,anonymous_85
FN:335,anonymous_86
FN:339,anonymous_87
FN:344,anonymous_88
FN:345,anonymous_89
FN:349,anonymous_90
FN:353,anonymous_91
FN:358,anonymous_92
FN:359,anonymous_93
FN:363,anonymous_94
FN:367,anonymous_95
FN:372,anonymous_96
FN:373,anonymous_97
FN:377,anonymous_98
FN:381,anonymous_99
FN:386,anonymous_100
FN:387,anonymous_101
FN:391,anonymous_102
FN:395,anonymous_103
FN:400,anonymous_104
FN:401,anonymous_105
FN:405,anonymous_106
FN:409,anonymous_107
FN:416,anonymous_108
FN:417,anonymous_109
FN:418,anonymous_110
FN:422,anonymous_111
FN:426,anonymous_112
FN:430,anonymous_113
FN:434,anonymous_114
FN:439,anonymous_115
FN:440,anonymous_116
FN:444,anonymous_117
FN:448,anonymous_118
FN:452,anonymous_119
FN:456,anonymous_120
FN:461,anonymous_121
FN:462,anonymous_122
FN:466,anonymous_123
FN:470,anonymous_124
FN:474,anonymous_125
FN:478,anonymous_126
FN:485,anonymous_127
FN:486,anonymous_128
FN:487,anonymous_129
FN:491,anonymous_130
FN:495,anonymous_131
FN:499,anonymous_132
FN:503,anonymous_133
FN:507,anonymous_134
FN:511,anonymous_135
FN:515,anonymous_136
FN:519,anonymous_137
FN:523,anonymous_138
FN:529,anonymous_139
FN:530,anonymous_140
FN:534,anonymous_141
FN:538,anonymous_142
FN:542,anonymous_143
FN:546,anonymous_144
FN:550,anonymous_145
FN:554,anonymous_146
FN:558,anonymous_147
FN:562,anonymous_148
FN:566,anonymous_149
FN:573,anonymous_150
FN:574,anonymous_151
FN:575,anonymous_152
FN:579,anonymous_153
FN:583,anonymous_154
FN:587,anonymous_155
FN:591,anonymous_156
FN:595,anonymous_157
FN:599,anonymous_158
FN:603,anonymous_159
FN:607,anonymous_160
FN:612,anonymous_161
FN:613,anonymous_162
FN:617,anonymous_163
FN:621,anonymous_164
FN:625,anonymous_165
FN:629,anonymous_166
FN:633,anonymous_167
FN:637,anonymous_168
FN:641,anonymous_169
FN:645,anonymous_170
FN:652,anonymous_171
FN:653,anonymous_172
FN:654,anonymous_173
FN:658,anonymous_174
FN:662,anonymous_175
FN:666,anonymous_176
FN:670,anonymous_177
FN:674,anonymous_178
FN:678,anonymous_179
FN:682,anonymous_180
FN:686,anonymous_181
FNDA:1,anonymous_0
FNDA:1,anonymous_1
FNDA:1,anonymous_2
FNDA:1,anonymous_3
FNDA:1,anonymous_4
FNDA:1,anonymous_5
FNDA:1,anonymous_6
FNDA:1,anonymous_7
FNDA:1,anonymous_8
FNDA:1,anonymous_9
FNDA:1,anonymous_10
FNDA:1,anonymous_11
FNDA:1,anonymous_12
FNDA:1,anonymous_13
FNDA:1,anonymous_14
FNDA:1,anonymous_15
FNDA:1,anonymous_16
FNDA:1,anonymous_17
FNDA:1,anonymous_18
FNDA:1,anonymous_19
FNDA:1,anonymous_20
FNDA:1,anonymous_21
FNDA:1,anonymous_22
FNDA:1,anonymous_23
FNDA:1,anonymous_24
FNDA:1,anonymous_25
FNDA:1,anonymous_26
FNDA:1,anonymous_27
FNDA:1,anonymous_28
FNDA:1,anonymous_29
FNDA:1,anonymous_30
FNDA:1,anonymous_31
FNDA:1,anonymous_32
FNDA:1,anonymous_33
FNDA:1,anonymous_34
FNDA:1,anonymous_35
FNDA:1,anonymous_36
FNDA:1,anonymous_37
FNDA:1,anonymous_38
FNDA:1,anonymous_39
FNDA:1,anonymous_40
FNDA:1,anonymous_41
FNDA:1,anonymous_42
FNDA:1,anonymous_43
FNDA:1,anonymous_44
FNDA:1,anonymous_45
FNDA:1,anonymous_46
FNDA:1,anonymous_47
FNDA:1,anonymous_48
FNDA:1,anonymous_49
FNDA:1,anonymous_50
FNDA:1,anonymous_51
FNDA:1,anonymous_52
FNDA:1,anonymous_53
FNDA:1,anonymous_54
FNDA:1,anonymous_55
FNDA:1,anonymous_56
FNDA:1,anonymous_57
FNDA:1,anonymous_58
FNDA:1,anonymous_59
FNDA:1,anonymous_60
FNDA:1,anonymous_61
FNDA:1,anonymous_62
FNDA:1,anonymous_63
FNDA:1,anonymous_64
FNDA:1,anonymous_65
FNDA:1,anonymous_66
FNDA:1,anonymous_67
FNDA:1,anonymous_68
FNDA:1,anonymous_69
FNDA:1,anonymous_70
FNDA:1,anonymous_71
FNDA:1,anonymous_72
FNDA:1,anonymous_73
FNDA:1,anonymous_74
FNDA:1,anonymous_75
FNDA:1,anonymous_76
FNDA:1,anonymous_77
FNDA:1,anonymous_78
FNDA:1,anonymous_79
FNDA:1,anonymous_80
FNDA:1,anonymous_81
FNDA:1,anonymous_82
FNDA:1,anonymous_83
FNDA:1,anonymous_84
FNDA:1,anonymous_85
FNDA:1,anonymous_86
FNDA:1,anonymous_87
FNDA:1,anonymous_88
FNDA:1,anonymous_89
FNDA:1,anonymous_90
FNDA:1,anonymous_91
FNDA:1,anonymous_92
FNDA:1,anonymous_93
FNDA:1,anonymous_94
FNDA:1,anonymous_95
FNDA:1,anonymous_96
FNDA:1,anonymous_97
FNDA:1,anonymous_98
FNDA:1,anonymous_99
FNDA:1,anonymous_100
FNDA:1,anonymous_101
FNDA:1,anonymous_102
FNDA:1,anonymous_103
FNDA:1,anonymous_104
FNDA:1,anonymous_105
FNDA:1,anonymous_106
FNDA:1,anonymous_107
FNDA:1,anonymous_108
FNDA:1,anonymous_109
FNDA:1,anonymous_110
FNDA:1,anonymous_111
FNDA:1,anonymous_112
FNDA:1,anonymous_113
FNDA:1,anonymous_114
FNDA:1,anonymous_115
FNDA:1,anonymous_116
FNDA:1,anonymous_117
FNDA:1,anonymous_118
FNDA:1,anonymous_119
FNDA:1,anonymous_120
FNDA:1,anonymous_121
FNDA:1,anonymous_122
FNDA:1,anonymous_123
FNDA:1,anonymous_124
FNDA:1,anonymous_125
FNDA:1,anonymous_126
FNDA:1,anonymous_127
FNDA:1,anonymous_128
FNDA:1,anonymous_129
FNDA:1,anonymous_130
FNDA:1,anonymous_131
FNDA:1,anonymous_132
FNDA:1,anonymous_133
FNDA:1,anonymous_134
FNDA:1,anonymous_135
FNDA:1,anonymous_136
FNDA:1,anonymous_137
FNDA:1,anonymous_138
FNDA:1,anonymous_139
FNDA:1,anonymous_140
FNDA:1,anonymous_141
FNDA:1,anonymous_142
FNDA:1,anonymous_143
FNDA:1,anonymous_144
FNDA:1,anonymous_145
FNDA:1,anonymous_146
FNDA:1,anonymous_147
FNDA:1,anonymous_148
FNDA:1,anonymous_149
FNDA:1,anonymous_150
FNDA:1,anonymous_151
FNDA:1,anonymous_152
FNDA:1,anonymous_153
FNDA:1,anonymous_154
FNDA:1,anonymous_155
FNDA:1,anonymous_156
FNDA:1,anonymous_157
FNDA:1,anonymous_158
FNDA:1,anonymous_159
FNDA:1,anonymous_160
FNDA:1,anonymous_161
FNDA:1,anonymous_162
FNDA:1,anonymous_163
FNDA:1,anonymous_164
FNDA:1,anonymous_165
FNDA:1,anonymous_166
FNDA:1,anonymous_167
FNDA:1,anonymous_168
FNDA:1,anonymous_169
FNDA:1,anonymous_170
FNDA:1,anonymous_171
FNDA:1,anonymous_172
FNDA:1,anonymous_173
FNDA:1,anonymous_174
FNDA:1,anonymous_175
FNDA:1,anonymous_176
FNDA:1,anonymous_177
FNDA:1,anonymous_178
FNDA:1,anonymous_179
FNDA:1,anonymous_180
FNDA:1,anonymous_181
FNF:182
FNH:182
BRDA:1,0,0,1
BRDA:8,1,0,1
BRDA:9,2,0,1
BRDA:10,3,0,1
BRDA:14,4,0,1
BRDA:19,5,0,1
BRDA:23,6,0,1
BRDA:27,7,0,1
BRDA:32,8,0,1
BRDA:36,9,0,1
BRDA:40,10,0,1
BRDA:45,11,0,1
BRDA:49,12,0,1
BRDA:53,13,0,1
BRDA:58,14,0,1
BRDA:62,15,0,1
BRDA:66,16,0,1
BRDA:72,17,0,1
BRDA:73,18,0,1
BRDA:77,19,0,1
BRDA:81,20,0,1
BRDA:87,21,0,1
BRDA:88,22,0,1
BRDA:92,23,0,1
BRDA:96,24,0,1
BRDA:102,25,0,1
BRDA:103,26,0,1
BRDA:107,27,0,1
BRDA:111,28,0,1
BRDA:117,29,0,1
BRDA:118,30,0,1
BRDA:122,31,0,1
BRDA:126,32,0,1
BRDA:132,33,0,1
BRDA:133,34,0,1
BRDA:137,35,0,1
BRDA:141,36,0,1
BRDA:147,37,0,1
BRDA:148,38,0,1
BRDA:152,39,0,1
BRDA:156,40,0,1
BRDA:162,41,0,1
BRDA:163,42,0,1
BRDA:167,43,0,1
BRDA:171,44,0,1
BRDA:177,45,0,1
BRDA:178,46,0,1
BRDA:182,47,0,1
BRDA:186,48,0,1
BRDA:190,49,0,1
BRDA:194,50,0,1
BRDA:198,51,0,1
BRDA:203,52,0,1
BRDA:204,53,0,1
BRDA:208,54,0,1
BRDA:212,55,0,1
BRDA:216,56,0,1
BRDA:223,57,0,1
BRDA:224,58,0,1
BRDA:225,59,0,1
BRDA:229,60,0,1
BRDA:238,61,0,1
BRDA:242,62,0,1
BRDA:246,63,0,1
BRDA:251,64,0,1
BRDA:255,65,0,1
BRDA:260,66,0,1
BRDA:265,67,0,1
BRDA:269,68,0,1
BRDA:274,69,0,1
BRDA:275,70,0,1
BRDA:279,71,0,1
BRDA:283,72,0,1
BRDA:288,73,0,1
BRDA:289,74,0,1
BRDA:293,75,0,1
BRDA:297,76,0,1
BRDA:302,77,0,1
BRDA:303,78,0,1
BRDA:307,79,0,1
BRDA:311,80,0,1
BRDA:316,81,0,1
BRDA:317,82,0,1
BRDA:321,83,0,1
BRDA:325,84,0,1
BRDA:330,85,0,1
BRDA:331,86,0,1
BRDA:335,87,0,1
BRDA:339,88,0,1
BRDA:344,89,0,1
BRDA:345,90,0,1
BRDA:349,91,0,1
BRDA:353,92,0,1
BRDA:358,93,0,1
BRDA:359,94,0,1
BRDA:363,95,0,1
BRDA:367,96,0,1
BRDA:372,97,0,1
BRDA:373,98,0,1
BRDA:377,99,0,1
BRDA:381,100,0,1
BRDA:386,101,0,1
BRDA:387,102,0,1
BRDA:391,103,0,1
BRDA:395,104,0,1
BRDA:400,105,0,1
BRDA:401,106,0,1
BRDA:405,107,0,1
BRDA:409,108,0,1
BRDA:416,109,0,1
BRDA:417,110,0,1
BRDA:418,111,0,1
BRDA:422,112,0,1
BRDA:426,113,0,1
BRDA:430,114,0,1
BRDA:434,115,0,1
BRDA:439,116,0,1
BRDA:440,117,0,1
BRDA:444,118,0,1
BRDA:448,119,0,1
BRDA:452,120,0,1
BRDA:456,121,0,1
BRDA:461,122,0,1
BRDA:462,123,0,1
BRDA:466,124,0,1
BRDA:470,125,0,1
BRDA:474,126,0,1
BRDA:478,127,0,1
BRDA:485,128,0,1
BRDA:486,129,0,1
BRDA:487,130,0,1
BRDA:491,131,0,1
BRDA:495,132,0,1
BRDA:499,133,0,1
BRDA:503,134,0,1
BRDA:507,135,0,1
BRDA:511,136,0,1
BRDA:515,137,0,1
BRDA:519,138,0,1
BRDA:523,139,0,1
BRDA:529,140,0,1
BRDA:530,141,0,1
BRDA:534,142,0,1
BRDA:538,143,0,1
BRDA:542,144,0,1
BRDA:546,145,0,1
BRDA:550,146,0,1
BRDA:554,147,0,1
BRDA:558,148,0,1
BRDA:562,149,0,1
BRDA:566,150,0,1
BRDA:573,151,0,1
BRDA:574,152,0,1
BRDA:575,153,0,1
BRDA:579,154,0,1
BRDA:583,155,0,1
BRDA:587,156,0,1
BRDA:591,157,0,1
BRDA:595,158,0,1
BRDA:599,159,0,1
BRDA:603,160,0,1
BRDA:607,161,0,1
BRDA:612,162,0,1
BRDA:613,163,0,1
BRDA:617,164,0,1
BRDA:621,165,0,1
BRDA:625,166,0,1
BRDA:629,167,0,1
BRDA:633,168,0,1
BRDA:637,169,0,1
BRDA:641,170,0,1
BRDA:645,171,0,1
BRDA:652,172,0,1
BRDA:653,173,0,1
BRDA:654,174,0,1
BRDA:658,175,0,1
BRDA:662,176,0,1
BRDA:666,177,0,1
BRDA:670,178,0,1
BRDA:674,179,0,1
BRDA:678,180,0,1
BRDA:682,181,0,1
BRDA:686,182,0,1
BRF:183
BRH:183
DA:1,1
DA:2,1
DA:3,1
DA:4,1
DA:5,1
DA:6,1
DA:7,1
DA:8,1
DA:9,1
DA:10,1
DA:11,1
DA:12,1
DA:13,1
DA:14,1
DA:15,1
DA:16,1
DA:17,1
DA:18,1
DA:19,1
DA:20,1
DA:21,1
DA:22,1
DA:23,1
DA:24,1
DA:25,1
DA:26,1
DA:27,1
DA:28,1
DA:29,1
DA:30,1
DA:31,1
DA:32,1
DA:33,1
DA:34,1
DA:35,1
DA:36,1
DA:37,1
DA:38,1
DA:39,1
DA:40,1
DA:41,1
DA:42,1
DA:43,1
DA:44,1
DA:45,1
DA:46,1
DA:47,1
DA:48,1
DA:49,1
DA:50,1
DA:51,1
DA:52,1
DA:53,1
DA:54,1
DA:55,1
DA:56,1
DA:57,1
DA:58,1
DA:59,1
DA:60,1
DA:61,1
DA:62,1
DA:63,1
DA:64,1
DA:65,1
DA:66,1
DA:67,1
DA:68,1
DA:69,1
DA:70,1
DA:71,1
DA:72,1
DA:73,1
DA:74,1
DA:75,1
DA:76,1
DA:77,1
DA:78,1
DA:79,1
DA:80,1
DA:81,1
DA:82,1
DA:83,1
DA:84,1
DA:85,1
DA:86,1
DA:87,1
DA:88,1
DA:89,1
DA:90,1
DA:91,1
DA:92,1
DA:93,1
DA:94,1
DA:95,1
DA:96,1
DA:97,1
DA:98,1
DA:99,1
DA:100,1
DA:101,1
DA:102,1
DA:103,1
DA:104,1
DA:105,1
DA:106,1
DA:107,1
DA:108,1
DA:109,1
DA:110,1
DA:111,1
DA:112,1
DA:113,1
DA:114,1
DA:115,1
DA:116,1
DA:117,1
DA:118,1
DA:119,1
DA:120,1
DA:121,1
DA:122,1
DA:123,1
DA:124,1
DA:125,1
DA:126,1
DA:127,1
DA:128,1
DA:129,1
DA:130,1
DA:131,1
DA:132,1
DA:133,1
DA:134,1
DA:135,1
DA:136,1
DA:137,1
DA:138,1
DA:139,1
DA:140,1
DA:141,1
DA:142,1
DA:143,1
DA:144,1
DA:145,1
DA:146,1
DA:147,1
DA:148,1
DA:149,1
DA:150,1
DA:151,1
DA:152,1
DA:153,1
DA:154,1
DA:155,1
DA:156,1
DA:157,1
DA:158,1
DA:159,1
DA:160,1
DA:161,1
DA:162,1
DA:163,1
DA:164,1
DA:165,1
DA:166,1
DA:167,1
DA:168,1
DA:169,1
DA:170,1
DA:171,1
DA:172,1
DA:173,1
DA:174,1
DA:175,1
DA:176,1
DA:177,1
DA:178,1
DA:179,1
DA:180,1
DA:181,1
DA:182,1
DA:183,1
DA:184,1
DA:185,1
DA:186,1
DA:187,1
DA:188,1
DA:189,1
DA:190,1
DA:191,1
DA:192,1
DA:193,1
DA:194,1
DA:195,1
DA:196,1
DA:197,1
DA:198,1
DA:199,1
DA:200,1
DA:201,1
DA:202,1
DA:203,1
DA:204,1
DA:205,1
DA:206,1
DA:207,1
DA:208,1
DA:209,1
DA:210,1
DA:211,1
DA:212,1
DA:213,1
DA:214,1
DA:215,1
DA:216,1
DA:217,1
DA:218,1
DA:219,1
DA:220,1
DA:221,1
DA:222,1
DA:223,1
DA:224,1
DA:225,1
DA:226,1
DA:227,1
DA:228,1
DA:229,1
DA:230,1
DA:231,1
DA:232,1
DA:233,1
DA:234,1
DA:235,1
DA:236,1
DA:237,1
DA:238,1
DA:239,1
DA:240,1
DA:241,1
DA:242,1
DA:243,1
DA:244,1
DA:245,1
DA:246,1
DA:247,1
DA:248,1
DA:249,1
DA:250,1
DA:251,1
DA:252,1
DA:253,1
DA:254,1
DA:255,1
DA:256,1
DA:257,1
DA:258,1
DA:259,1
DA:260,1
DA:261,1
DA:262,1
DA:263,1
DA:264,1
DA:265,1
DA:266,1
DA:267,1
DA:268,1
DA:269,1
DA:270,1
DA:271,1
DA:272,1
DA:273,1
DA:274,1
DA:275,1
DA:276,1
DA:277,1
DA:278,1
DA:279,1
DA:280,1
DA:281,1
DA:282,1
DA:283,1
DA:284,1
DA:285,1
DA:286,1
DA:287,1
DA:288,1
DA:289,1
DA:290,1
DA:291,1
DA:292,1
DA:293,1
DA:294,1
DA:295,1
DA:296,1
DA:297,1
DA:298,1
DA:299,1
DA:300,1
DA:301,1
DA:302,1
DA:303,1
DA:304,1
DA:305,1
DA:306,1
DA:307,1
DA:308,1
DA:309,1
DA:310,1
DA:311,1
DA:312,1
DA:313,1
DA:314,1
DA:315,1
DA:316,1
DA:317,1
DA:318,1
DA:319,1
DA:320,1
DA:321,1
DA:322,1
DA:323,1
DA:324,1
DA:325,1
DA:326,1
DA:327,1
DA:328,1
DA:329,1
DA:330,1
DA:331,1
DA:332,1
DA:333,1
DA:334,1
DA:335,1
DA:336,1
DA:337,1
DA:338,1
DA:339,1
DA:340,1
DA:341,1
DA:342,1
DA:343,1
DA:344,1
DA:345,1
DA:346,1
DA:347,1
DA:348,1
DA:349,1
DA:350,1
DA:351,1
DA:352,1
DA:353,1
DA:354,1
DA:355,1
DA:356,1
DA:357,1
DA:358,1
DA:359,1
DA:360,1
DA:361,1
DA:362,1
DA:363,1
DA:364,1
DA:365,1
DA:366,1
DA:367,1
DA:368,1
DA:369,1
DA:370,1
DA:371,1
DA:372,1
DA:373,1
DA:374,1
DA:375,1
DA:376,1
DA:377,1
DA:378,1
DA:379,1
DA:380,1
DA:381,1
DA:382,1
DA:383,1
DA:384,1
DA:385,1
DA:386,1
DA:387,1
DA:388,1
DA:389,1
DA:390,1
DA:391,1
DA:392,1
DA:393,1
DA:394,1
DA:395,1
DA:396,1
DA:397,1
DA:398,1
DA:399,1
DA:400,1
DA:401,1
DA:402,1
DA:403,1
DA:404,1
DA:405,1
DA:406,1
DA:407,1
DA:408,1
DA:409,1
DA:410,1
DA:411,1
DA:412,1
DA:413,1
DA:414,1
DA:415,1
DA:416,1
DA:417,1
DA:418,1
DA:419,1
DA:420,1
DA:421,1
DA:422,1
DA:423,1
DA:424,1
DA:425,1
DA:426,1
DA:427,1
DA:428,1
DA:429,1
DA:430,1
DA:431,1
DA:432,1
DA:433,1
DA:434,1
DA:435,1
DA:436,1
DA:437,1
DA:438,1
DA:439,1
DA:440,1
DA:441,1
DA:442,1
DA:443,1
DA:444,1
DA:445,1
DA:446,1
DA:447,1
DA:448,1
DA:449,1
DA:450,1
DA:451,1
DA:452,1
DA:453,1
DA:454,1
DA:455,1
DA:456,1
DA:457,1
DA:458,1
DA:459,1
DA:460,1
DA:461,1
DA:462,1
DA:463,1
DA:464,1
DA:465,1
DA:466,1
DA:467,1
DA:468,1
DA:469,1
DA:470,1
DA:471,1
DA:472,1
DA:473,1
DA:474,1
DA:475,1
DA:476,1
DA:477,1
DA:478,1
DA:479,1
DA:480,1
DA:481,1
DA:482,1
DA:483,1
DA:484,1
DA:485,1
DA:486,1
DA:487,1
DA:488,1
DA:489,1
DA:490,1
DA:491,1
DA:492,1
DA:493,1
DA:494,1
DA:495,1
DA:496,1
DA:497,1
DA:498,1
DA:499,1
DA:500,1
DA:501,1
DA:502,1
DA:503,1
DA:504,1
DA:505,1
DA:506,1
DA:507,1
DA:508,1
DA:509,1
DA:510,1
DA:511,1
DA:512,1
DA:513,1
DA:514,1
DA:515,1
DA:516,1
DA:517,1
DA:518,1
DA:519,1
DA:520,1
DA:521,1
DA:522,1
DA:523,1
DA:524,1
DA:525,1
DA:526,1
DA:527,1
DA:528,1
DA:529,1
DA:530,1
DA:531,1
DA:532,1
DA:533,1
DA:534,1
DA:535,1
DA:536,1
DA:537,1
DA:538,1
DA:539,1
DA:540,1
DA:541,1
DA:542,1
DA:543,1
DA:544,1
DA:545,1
DA:546,1
DA:547,1
DA:548,1
DA:549,1
DA:550,1
DA:551,1
DA:552,1
DA:553,1
DA:554,1
DA:555,1
DA:556,1
DA:557,1
DA:558,1
DA:559,1
DA:560,1
DA:561,1
DA:562,1
DA:563,1
DA:564,1
DA:565,1
DA:566,1
DA:567,1
DA:568,1
DA:569,1
DA:570,1
DA:571,1
DA:572,1
DA:573,1
DA:574,1
DA:575,1
DA:576,1
DA:577,1
DA:578,1
DA:579,1
DA:580,1
DA:581,1
DA:582,1
DA:583,1
DA:584,1
DA:585,1
DA:586,1
DA:587,1
DA:588,1
DA:589,1
DA:590,1
DA:591,1
DA:592,1
DA:593,1
DA:594,1
DA:595,1
DA:596,1
DA:597,1
DA:598,1
DA:599,1
DA:600,1
DA:601,1
DA:602,1
DA:603,1
DA:604,1
DA:605,1
DA:606,1
DA:607,1
DA:608,1
DA:609,1
DA:610,1
DA:611,1
DA:612,1
DA:613,1
DA:614,1
DA:615,1
DA:616,1
DA:617,1
DA:618,1
DA:619,1
DA:620,1
DA:621,1
DA:622,1
DA:623,1
DA:624,1
DA:625,1
DA:626,1
DA:627,1
DA:628,1
DA:629,1
DA:630,1
DA:631,1
DA:632,1
DA:633,1
DA:634,1
DA:635,1
DA:636,1
DA:637,1
DA:638,1
DA:639,1
DA:640,1
DA:641,1
DA:642,1
DA:643,1
DA:644,1
DA:645,1
DA:646,1
DA:647,1
DA:648,1
DA:649,1
DA:650,1
DA:651,1
DA:652,1
DA:653,1
DA:654,1
DA:655,1
DA:656,1
DA:657,1
DA:658,1
DA:659,1
DA:660,1
DA:661,1
DA:662,1
DA:663,1
DA:664,1
DA:665,1
DA:666,1
DA:667,1
DA:668,1
DA:669,1
DA:670,1
DA:671,1
DA:672,1
DA:673,1
DA:674,1
DA:675,1
DA:676,1
DA:677,1
DA:678,1
DA:679,1
DA:680,1
DA:681,1
DA:682,1
DA:683,1
DA:684,1
DA:685,1
DA:686,1
DA:687,1
DA:688,1
DA:689,1
DA:690,1
DA:691,1
LH:691
LF:691
end_of_record
